[14:28:22] Node flags detected: --max_old_space_size=4096
[14:28:22] Respawned to PID: 9080
[14:28:28] Using gulpfile ~/build/amtlib-dot-dll/vscode-build-travis/vscode/gulpfile.js
[14:28:28] Starting 'clean-minified-vscode'...
[14:28:28] Starting 'clean-optimized-vscode'...
[14:28:28] Starting 'clean-client-build'...
[14:28:28] Starting 'clean-extension:configuration-editing'...
[14:28:28] Starting 'clean-extension:css-client'...
[14:28:28] Starting 'clean-extension:css-server'...
[14:28:28] Starting 'clean-extension:emmet'...
[14:28:28] Starting 'clean-extension:extension-editing'...
[14:28:28] Starting 'clean-extension:git'...
[14:28:28] Starting 'clean-extension:grunt'...
[14:28:28] Starting 'clean-extension:gulp'...
[14:28:28] Starting 'clean-extension:html-client'...
[14:28:28] Starting 'clean-extension:html-server'...
[14:28:28] Starting 'clean-extension:jake'...
[14:28:28] Starting 'clean-extension:javascript'...
[14:28:28] Starting 'clean-extension:json-client'...
[14:28:28] Starting 'clean-extension:json-server'...
[14:28:28] Starting 'clean-extension:markdown'...
[14:28:28] Starting 'clean-extension:merge-conflict'...
[14:28:28] Starting 'clean-extension:npm'...
[14:28:28] Starting 'clean-extension:php'...
[14:28:28] Starting 'clean-extension:python'...
[14:28:28] Starting 'clean-extension:typescript-test-colorize-fixtures'...
[14:28:28] Starting 'clean-extension:typescript'...
[14:28:28] Starting 'clean-extension:vscode-api-tests'...
[14:28:28] Starting 'clean-extension:vscode-colorize-tests'...
[14:28:28] Starting 'clean-vscode-linux-x64'...
[14:28:28] Finished 'clean-minified-vscode' after 14 ms
[14:28:28] Finished 'clean-optimized-vscode' after 10 ms
[14:28:28] Finished 'clean-client-build' after 10 ms
[14:28:28] Starting 'compile-client-build'...
[14:28:28] Starting compilation...
[14:28:28] Finished 'clean-extension:configuration-editing' after 129 ms
[14:28:28] Starting 'compile-extension-build:configuration-editing'...
[14:28:28] Finished 'clean-extension:css-client' after 137 ms
[14:28:28] Starting 'compile-extension-build:css-client'...
[14:28:28] Finished 'clean-extension:css-server' after 140 ms
[14:28:28] Starting 'compile-extension-build:css-server'...
[14:28:28] Finished 'clean-extension:emmet' after 143 ms
[14:28:28] Starting 'compile-extension-build:emmet'...
[14:28:28] Finished 'clean-extension:extension-editing' after 146 ms
[14:28:28] Starting 'compile-extension-build:extension-editing'...
[14:28:28] Finished 'clean-extension:git' after 149 ms
[14:28:28] Starting 'compile-extension-build:git'...
[14:28:28] Finished 'clean-extension:grunt' after 151 ms
[14:28:28] Starting 'compile-extension-build:grunt'...
[14:28:28] Finished 'clean-extension:gulp' after 154 ms
[14:28:28] Starting 'compile-extension-build:gulp'...
[14:28:28] Finished 'clean-extension:html-client' after 156 ms
[14:28:28] Starting 'compile-extension-build:html-client'...
[14:28:28] Finished 'clean-extension:html-server' after 158 ms
[14:28:28] Starting 'compile-extension-build:html-server'...
[14:28:28] Finished 'clean-extension:jake' after 161 ms
[14:28:28] Starting 'compile-extension-build:jake'...
[14:28:28] Finished 'clean-extension:javascript' after 163 ms
[14:28:28] Starting 'compile-extension-build:javascript'...
[14:28:28] Finished 'clean-extension:json-client' after 166 ms
[14:28:28] Starting 'compile-extension-build:json-client'...
[14:28:28] Finished 'clean-extension:json-server' after 168 ms
[14:28:28] Starting 'compile-extension-build:json-server'...
[14:28:28] Finished 'clean-extension:markdown' after 170 ms
[14:28:28] Starting 'compile-extension-build:markdown'...
[14:28:28] Finished 'clean-extension:merge-conflict' after 173 ms
[14:28:28] Starting 'compile-extension-build:merge-conflict'...
[14:28:28] Finished 'clean-extension:npm' after 175 ms
[14:28:28] Starting 'compile-extension-build:npm'...
[14:28:28] Finished 'clean-extension:php' after 178 ms
[14:28:28] Starting 'compile-extension-build:php'...
[14:28:28] Finished 'clean-extension:python' after 180 ms
[14:28:28] Starting 'compile-extension-build:python'...
[14:28:28] Finished 'clean-extension:typescript-test-colorize-fixtures' after 182 ms
[14:28:28] Starting 'compile-extension-build:typescript-test-colorize-fixtures'...
[14:28:28] Finished 'clean-extension:typescript' after 185 ms
[14:28:28] Starting 'compile-extension-build:typescript'...
[14:28:28] Finished 'clean-extension:vscode-api-tests' after 187 ms
[14:28:28] Starting 'compile-extension-build:vscode-api-tests'...
[14:28:28] Finished 'clean-extension:vscode-colorize-tests' after 190 ms
[14:28:28] Starting 'compile-extension-build:vscode-colorize-tests'...
[14:28:28] Finished 'clean-vscode-linux-x64' after 192 ms
[14:28:28] Finished 'compile-extension-build:typescript-test-colorize-fixtures' after 58 ms
[14:28:46] Finished 'compile-extension-build:python' after 18 s
[14:28:48] Finished 'compile-extension-build:vscode-colorize-tests' after 19 s
[14:28:48] Finished 'compile-extension-build:css-server' after 19 s
[14:28:56] Finished 'compile-extension-build:json-server' after 27 s
[14:29:00] Finished 'compile-extension-build:css-client' after 32 s
[14:29:00] Finished 'compile-extension-build:grunt' after 32 s
[14:29:00] Finished 'compile-extension-build:gulp' after 32 s
[14:29:00] Finished 'compile-extension-build:jake' after 32 s
[14:29:00] Finished 'compile-extension-build:npm' after 32 s
[14:29:02] Finished 'compile-extension-build:configuration-editing' after 34 s
[14:29:02] Finished 'compile-extension-build:json-client' after 34 s
[14:29:02] Finished 'compile-extension-build:extension-editing' after 34 s
[14:29:02] Finished 'compile-extension-build:html-client' after 34 s
[14:29:05] Finished 'compile-extension-build:javascript' after 37 s
[14:29:05] Finished 'compile-extension-build:vscode-api-tests' after 37 s
[14:29:05] Finished 'compile-extension-build:php' after 37 s
[14:29:05] Finished 'compile-extension-build:merge-conflict' after 37 s
[14:29:05] Finished 'compile-extension-build:markdown' after 37 s
[14:29:10] Finished 'compile-extension-build:html-server' after 41 s
[14:29:10] Finished 'compile-extension-build:git' after 41 s
[14:29:10] Finished 'compile-extension-build:emmet' after 42 s
[14:29:10] Finished 'compile-extension-build:typescript' after 42 s
[14:29:10] Starting 'compile-extensions-build'...
[14:29:10] Finished 'compile-extensions-build' after 82 μs
[14:32:06] [monaco.d.ts] Starting monaco.d.ts generation
[14:32:09] [monaco.d.ts] Finished monaco.d.ts generation
[14:32:09] Finished compilation with 0 errors after 220968 ms
[14:32:09] Finished 'compile-client-build' after 3.68 min
[14:32:09] Starting 'compile-build'...
[14:32:09] Finished 'compile-build' after 7 μs
[14:32:09] Starting 'optimize-vscode'...
[14:32:16] [i18n] de has 9 untranslated strings.
[14:32:16] [i18n] es has 9 untranslated strings.
[14:32:16] [i18n] fr has 9 untranslated strings.
[14:32:16] [i18n] it has 9 untranslated strings.
[14:32:16] [i18n] ja has 9 untranslated strings.
[14:32:16] [i18n] ko has 9 untranslated strings.
[14:32:16] [i18n] ru has 9 untranslated strings.
[14:32:16] [i18n] zh-cn has 9 untranslated strings.
[14:32:16] [i18n] zh-tw has 9 untranslated strings.
[14:33:03] Finished 'optimize-vscode' after 53 s
[14:33:03] Starting 'optimize-index-js'...
[14:33:03] Finished 'optimize-index-js' after 629 μs
[14:33:03] Starting 'minify-vscode'...
[14:37:12] Finished 'minify-vscode' after 4.15 min
[14:37:12] Starting 'vscode-linux-x64-min'...
[14:37:52] Downloading extension: ms-vscode.node-debug2@1.20.3 ...
[14:37:53] Downloading extension: ms-vscode.node-debug@1.20.12 ...
Downloading ffmpeg-v1.7.9-linux-x64.zip...
Downloading electron-v1.7.9-linux-x64.zip...
[14:38:08] Finished 'vscode-linux-x64-min' after 56 s
